0 info it worked if it ends with ok
1 verbose cli [ '/usr/local/bin/node', '/usr/local/bin/npm', 'run', 'compile' ]
2 info using npm@3.3.12
3 info using node@v5.2.0
4 verbose run-script [ 'precompile', 'compile', 'postcompile' ]
5 info lifecycle javascript@1.0.0~precompile: javascript@1.0.0
6 silly lifecycle javascript@1.0.0~precompile: no script for precompile, continuing
7 info lifecycle javascript@1.0.0~compile: javascript@1.0.0
8 verbose lifecycle javascript@1.0.0~compile: unsafe-perm in lifecycle true
9 verbose lifecycle javascript@1.0.0~compile: PATH: /usr/local/lib/node_modules/npm/bin/node-gyp-bin:/Users/yuyongyu/Documents/dev_test/javascript/other/module/ES6/node_modules/.bin:/usr/local/bin:/usr/bin:/bin:/usr/sbin:/sbin:/usr/local/bin/mongodb/bin:/usr/local/bin/apache-tomcat-8.0.18/bin:/usr/local/bin/gradle-2.2.1/bin:/usr/local/bin/apache-maven-3.2.5/bin
10 verbose lifecycle javascript@1.0.0~compile: CWD: /Users/yuyongyu/Documents/dev_test/javascript/other/module/ES6
11 silly lifecycle javascript@1.0.0~compile: Args: [ '-c',
11 silly lifecycle   'npx babel other/module/ES6/src --out-dir other/module/ES6/dist --presets=env' ]
12 info lifecycle javascript@1.0.0~compile: Failed to exec compile script
13 verbose stack Error: javascript@1.0.0 compile: `npx babel other/module/ES6/src --out-dir other/module/ES6/dist --presets=env`
13 verbose stack spawn ENOENT
13 verbose stack     at ChildProcess.<anonymous> (/usr/local/lib/node_modules/npm/lib/utils/spawn.js:17:16)
13 verbose stack     at emitTwo (events.js:88:13)
13 verbose stack     at ChildProcess.emit (events.js:173:7)
13 verbose stack     at maybeClose (internal/child_process.js:819:16)
13 verbose stack     at Process.ChildProcess._handle.onexit (internal/child_process.js:212:5)
14 verbose pkgid javascript@1.0.0
15 verbose cwd /Users/yuyongyu/Documents/dev_test/javascript/other/module/ES6
16 error Darwin 17.3.0
17 error argv "/usr/local/bin/node" "/usr/local/bin/npm" "run" "compile"
18 error node v5.2.0
19 error npm  v3.3.12
20 error file sh
21 error code ELIFECYCLE
22 error errno ENOENT
23 error syscall spawn
24 error javascript@1.0.0 compile: `npx babel other/module/ES6/src --out-dir other/module/ES6/dist --presets=env`
24 error spawn ENOENT
25 error Failed at the javascript@1.0.0 compile script 'npx babel other/module/ES6/src --out-dir other/module/ES6/dist --presets=env'.
25 error Make sure you have the latest version of node.js and npm installed.
25 error If you do, this is most likely a problem with the javascript package,
25 error not with npm itself.
25 error Tell the author that this fails on your system:
25 error     npx babel other/module/ES6/src --out-dir other/module/ES6/dist --presets=env
25 error You can get their info via:
25 error     npm owner ls javascript
25 error There is likely additional logging output above.
26 verbose exit [ 1, true ]
